{"C:\\development_projects\\js\\js-tdd-template\\src\\program.js": {"path":"C:\\development_projects\\js\\js-tdd-template\\src\\program.js","statementMap":{"0":{"start":{"line":2,"column":2},"end":{"line":2,"column":23}}},"fnMap":{"0":{"name":"helloWorld","decl":{"start":{"line":1,"column":9},"end":{"line":1,"column":19}},"loc":{"start":{"line":1,"column":22},"end":{"line":3,"column":1}},"line":1}},"branchMap":{},"s":{"0":1},"f":{"0":1},"b":{},"_coverageSchema":"1a1c01bbd47fc00a2c39e90264f33305004495a9","hash":"593b314a185850c2099dfafcce1091245fc7475e"}
}
